2025-03-31 16:06:10,803:WARNING:
'cuml' is a soft dependency and not included in the pycaret installation. Please run: `pip install cuml` to install.
2025-03-31 16:06:10,803:WARNING:
'cuml' is a soft dependency and not included in the pycaret installation. Please run: `pip install cuml` to install.
2025-03-31 16:06:10,803:WARNING:
'cuml' is a soft dependency and not included in the pycaret installation. Please run: `pip install cuml` to install.
2025-03-31 16:06:10,804:WARNING:
'cuml' is a soft dependency and not included in the pycaret installation. Please run: `pip install cuml` to install.
2025-03-31 16:09:00,543:WARNING:
'cuml' is a soft dependency and not included in the pycaret installation. Please run: `pip install cuml` to install.
2025-03-31 16:09:00,543:WARNING:
'cuml' is a soft dependency and not included in the pycaret installation. Please run: `pip install cuml` to install.
2025-03-31 16:09:00,543:WARNING:
'cuml' is a soft dependency and not included in the pycaret installation. Please run: `pip install cuml` to install.
2025-03-31 16:09:00,543:WARNING:
'cuml' is a soft dependency and not included in the pycaret installation. Please run: `pip install cuml` to install.
2025-03-31 16:22:44,378:WARNING:
'cuml' is a soft dependency and not included in the pycaret installation. Please run: `pip install cuml` to install.
2025-03-31 16:22:44,378:WARNING:
'cuml' is a soft dependency and not included in the pycaret installation. Please run: `pip install cuml` to install.
2025-03-31 16:22:44,378:WARNING:
'cuml' is a soft dependency and not included in the pycaret installation. Please run: `pip install cuml` to install.
2025-03-31 16:22:44,378:WARNING:
'cuml' is a soft dependency and not included in the pycaret installation. Please run: `pip install cuml` to install.
2025-03-31 16:24:28,670:WARNING:
'cuml' is a soft dependency and not included in the pycaret installation. Please run: `pip install cuml` to install.
2025-03-31 16:24:28,670:WARNING:
'cuml' is a soft dependency and not included in the pycaret installation. Please run: `pip install cuml` to install.
2025-03-31 16:24:28,670:WARNING:
'cuml' is a soft dependency and not included in the pycaret installation. Please run: `pip install cuml` to install.
2025-03-31 16:24:28,671:WARNING:
'cuml' is a soft dependency and not included in the pycaret installation. Please run: `pip install cuml` to install.
2025-03-31 16:30:25,449:WARNING:
'cuml' is a soft dependency and not included in the pycaret installation. Please run: `pip install cuml` to install.
2025-03-31 16:30:25,449:WARNING:
'cuml' is a soft dependency and not included in the pycaret installation. Please run: `pip install cuml` to install.
2025-03-31 16:30:25,449:WARNING:
'cuml' is a soft dependency and not included in the pycaret installation. Please run: `pip install cuml` to install.
2025-03-31 16:30:25,449:WARNING:
'cuml' is a soft dependency and not included in the pycaret installation. Please run: `pip install cuml` to install.
2025-03-31 16:52:25,943:WARNING:
'cuml' is a soft dependency and not included in the pycaret installation. Please run: `pip install cuml` to install.
2025-03-31 16:52:25,943:WARNING:
'cuml' is a soft dependency and not included in the pycaret installation. Please run: `pip install cuml` to install.
2025-03-31 16:52:25,943:WARNING:
'cuml' is a soft dependency and not included in the pycaret installation. Please run: `pip install cuml` to install.
2025-03-31 16:52:25,943:WARNING:
'cuml' is a soft dependency and not included in the pycaret installation. Please run: `pip install cuml` to install.
2025-03-31 17:20:07,477:WARNING:
'cuml' is a soft dependency and not included in the pycaret installation. Please run: `pip install cuml` to install.
2025-03-31 17:20:07,477:WARNING:
'cuml' is a soft dependency and not included in the pycaret installation. Please run: `pip install cuml` to install.
2025-03-31 17:20:07,477:WARNING:
'cuml' is a soft dependency and not included in the pycaret installation. Please run: `pip install cuml` to install.
2025-03-31 17:20:07,477:WARNING:
'cuml' is a soft dependency and not included in the pycaret installation. Please run: `pip install cuml` to install.
2025-03-31 17:25:58,940:WARNING:
'cuml' is a soft dependency and not included in the pycaret installation. Please run: `pip install cuml` to install.
2025-03-31 17:25:58,940:WARNING:
'cuml' is a soft dependency and not included in the pycaret installation. Please run: `pip install cuml` to install.
2025-03-31 17:25:58,940:WARNING:
'cuml' is a soft dependency and not included in the pycaret installation. Please run: `pip install cuml` to install.
2025-03-31 17:25:58,940:WARNING:
'cuml' is a soft dependency and not included in the pycaret installation. Please run: `pip install cuml` to install.
2025-03-31 17:25:59,511:WARNING:c:\Users\Thayse\.conda\envs\mlpipeline\lib\site-packages\IPython\core\interactiveshell.py:3587: UserWarning:

To exit: use 'exit', 'quit', or Ctrl-D.


2025-03-31 17:33:56,877:WARNING:
'cuml' is a soft dependency and not included in the pycaret installation. Please run: `pip install cuml` to install.
2025-03-31 17:33:56,877:WARNING:
'cuml' is a soft dependency and not included in the pycaret installation. Please run: `pip install cuml` to install.
2025-03-31 17:33:56,877:WARNING:
'cuml' is a soft dependency and not included in the pycaret installation. Please run: `pip install cuml` to install.
2025-03-31 17:33:56,877:WARNING:
'cuml' is a soft dependency and not included in the pycaret installation. Please run: `pip install cuml` to install.
2025-03-31 17:34:49,193:WARNING:
'cuml' is a soft dependency and not included in the pycaret installation. Please run: `pip install cuml` to install.
2025-03-31 17:34:49,193:WARNING:
'cuml' is a soft dependency and not included in the pycaret installation. Please run: `pip install cuml` to install.
2025-03-31 17:34:49,193:WARNING:
'cuml' is a soft dependency and not included in the pycaret installation. Please run: `pip install cuml` to install.
2025-03-31 17:34:49,193:WARNING:
'cuml' is a soft dependency and not included in the pycaret installation. Please run: `pip install cuml` to install.
2025-03-31 17:41:36,384:WARNING:
'cuml' is a soft dependency and not included in the pycaret installation. Please run: `pip install cuml` to install.
2025-03-31 17:41:36,384:WARNING:
'cuml' is a soft dependency and not included in the pycaret installation. Please run: `pip install cuml` to install.
2025-03-31 17:41:36,384:WARNING:
'cuml' is a soft dependency and not included in the pycaret installation. Please run: `pip install cuml` to install.
2025-03-31 17:41:36,384:WARNING:
'cuml' is a soft dependency and not included in the pycaret installation. Please run: `pip install cuml` to install.
2025-03-31 18:02:13,321:WARNING:
'cuml' is a soft dependency and not included in the pycaret installation. Please run: `pip install cuml` to install.
2025-03-31 18:02:13,321:WARNING:
'cuml' is a soft dependency and not included in the pycaret installation. Please run: `pip install cuml` to install.
2025-03-31 18:02:13,321:WARNING:
'cuml' is a soft dependency and not included in the pycaret installation. Please run: `pip install cuml` to install.
2025-03-31 18:02:13,321:WARNING:
'cuml' is a soft dependency and not included in the pycaret installation. Please run: `pip install cuml` to install.
2025-03-31 18:03:44,751:WARNING:
'cuml' is a soft dependency and not included in the pycaret installation. Please run: `pip install cuml` to install.
2025-03-31 18:03:44,751:WARNING:
'cuml' is a soft dependency and not included in the pycaret installation. Please run: `pip install cuml` to install.
2025-03-31 18:03:44,751:WARNING:
'cuml' is a soft dependency and not included in the pycaret installation. Please run: `pip install cuml` to install.
2025-03-31 18:03:44,751:WARNING:
'cuml' is a soft dependency and not included in the pycaret installation. Please run: `pip install cuml` to install.
2025-03-31 18:04:23,617:WARNING:
'cuml' is a soft dependency and not included in the pycaret installation. Please run: `pip install cuml` to install.
2025-03-31 18:04:23,617:WARNING:
'cuml' is a soft dependency and not included in the pycaret installation. Please run: `pip install cuml` to install.
2025-03-31 18:04:23,617:WARNING:
'cuml' is a soft dependency and not included in the pycaret installation. Please run: `pip install cuml` to install.
2025-03-31 18:04:23,617:WARNING:
'cuml' is a soft dependency and not included in the pycaret installation. Please run: `pip install cuml` to install.
2025-03-31 18:04:49,527:WARNING:
'cuml' is a soft dependency and not included in the pycaret installation. Please run: `pip install cuml` to install.
2025-03-31 18:04:49,527:WARNING:
'cuml' is a soft dependency and not included in the pycaret installation. Please run: `pip install cuml` to install.
2025-03-31 18:04:49,529:WARNING:
'cuml' is a soft dependency and not included in the pycaret installation. Please run: `pip install cuml` to install.
2025-03-31 18:04:49,529:WARNING:
'cuml' is a soft dependency and not included in the pycaret installation. Please run: `pip install cuml` to install.
2025-03-31 18:08:36,936:WARNING:
'cuml' is a soft dependency and not included in the pycaret installation. Please run: `pip install cuml` to install.
2025-03-31 18:08:36,936:WARNING:
'cuml' is a soft dependency and not included in the pycaret installation. Please run: `pip install cuml` to install.
2025-03-31 18:08:36,936:WARNING:
'cuml' is a soft dependency and not included in the pycaret installation. Please run: `pip install cuml` to install.
2025-03-31 18:08:36,936:WARNING:
'cuml' is a soft dependency and not included in the pycaret installation. Please run: `pip install cuml` to install.
2025-03-31 18:21:16,411:WARNING:
'cuml' is a soft dependency and not included in the pycaret installation. Please run: `pip install cuml` to install.
2025-03-31 18:21:16,411:WARNING:
'cuml' is a soft dependency and not included in the pycaret installation. Please run: `pip install cuml` to install.
2025-03-31 18:21:16,411:WARNING:
'cuml' is a soft dependency and not included in the pycaret installation. Please run: `pip install cuml` to install.
2025-03-31 18:21:16,411:WARNING:
'cuml' is a soft dependency and not included in the pycaret installation. Please run: `pip install cuml` to install.
2025-03-31 18:26:21,534:WARNING:
'cuml' is a soft dependency and not included in the pycaret installation. Please run: `pip install cuml` to install.
2025-03-31 18:26:21,534:WARNING:
'cuml' is a soft dependency and not included in the pycaret installation. Please run: `pip install cuml` to install.
2025-03-31 18:26:21,534:WARNING:
'cuml' is a soft dependency and not included in the pycaret installation. Please run: `pip install cuml` to install.
2025-03-31 18:26:21,534:WARNING:
'cuml' is a soft dependency and not included in the pycaret installation. Please run: `pip install cuml` to install.
2025-03-31 18:32:16,467:WARNING:
'cuml' is a soft dependency and not included in the pycaret installation. Please run: `pip install cuml` to install.
2025-03-31 18:32:16,467:WARNING:
'cuml' is a soft dependency and not included in the pycaret installation. Please run: `pip install cuml` to install.
2025-03-31 18:32:16,467:WARNING:
'cuml' is a soft dependency and not included in the pycaret installation. Please run: `pip install cuml` to install.
2025-03-31 18:32:16,467:WARNING:
'cuml' is a soft dependency and not included in the pycaret installation. Please run: `pip install cuml` to install.
2025-03-31 18:35:24,195:WARNING:
'cuml' is a soft dependency and not included in the pycaret installation. Please run: `pip install cuml` to install.
2025-03-31 18:35:24,195:WARNING:
'cuml' is a soft dependency and not included in the pycaret installation. Please run: `pip install cuml` to install.
2025-03-31 18:35:24,195:WARNING:
'cuml' is a soft dependency and not included in the pycaret installation. Please run: `pip install cuml` to install.
2025-03-31 18:35:24,195:WARNING:
'cuml' is a soft dependency and not included in the pycaret installation. Please run: `pip install cuml` to install.
2025-03-31 18:36:06,298:WARNING:
'cuml' is a soft dependency and not included in the pycaret installation. Please run: `pip install cuml` to install.
2025-03-31 18:36:06,298:WARNING:
'cuml' is a soft dependency and not included in the pycaret installation. Please run: `pip install cuml` to install.
2025-03-31 18:36:06,298:WARNING:
'cuml' is a soft dependency and not included in the pycaret installation. Please run: `pip install cuml` to install.
2025-03-31 18:36:06,298:WARNING:
'cuml' is a soft dependency and not included in the pycaret installation. Please run: `pip install cuml` to install.
2025-03-31 18:36:06,688:INFO:PyCaret ClassificationExperiment
2025-03-31 18:36:06,688:INFO:Logging name: clf-default-name
2025-03-31 18:36:06,688:INFO:ML Usecase: MLUsecase.CLASSIFICATION
2025-03-31 18:36:06,688:INFO:version 3.3.2
2025-03-31 18:36:06,688:INFO:Initializing setup()
2025-03-31 18:36:06,688:INFO:self.USI: fa6d
2025-03-31 18:36:06,688:INFO:self._variable_keys: {'USI', 'fold_groups_param', 'data', 'exp_id', 'target_param', '_ml_usecase', 'X_train', 'is_multiclass', 'exp_name_log', 'n_jobs_param', 'y_test', 'memory', 'pipeline', 'X_test', 'X', 'seed', 'y', 'html_param', 'gpu_n_jobs_param', 'log_plots_param', 'logging_param', 'fix_imbalance', 'y_train', 'fold_generator', '_available_plots', 'idx', 'fold_shuffle_param', 'gpu_param'}
2025-03-31 18:36:06,688:INFO:Checking environment
2025-03-31 18:36:06,688:INFO:python_version: 3.10.16
2025-03-31 18:36:06,688:INFO:python_build: ('main', 'Dec 11 2024 16:19:12')
2025-03-31 18:36:06,688:INFO:machine: AMD64
2025-03-31 18:36:06,707:INFO:platform: Windows-10-10.0.26100-SP0
2025-03-31 18:36:06,710:INFO:Memory: svmem(total=17009004544, available=6563184640, percent=61.4, used=10445819904, free=6563184640)
2025-03-31 18:36:06,710:INFO:Physical Core: 6
2025-03-31 18:36:06,710:INFO:Logical Core: 12
2025-03-31 18:36:06,710:INFO:Checking libraries
2025-03-31 18:36:06,711:INFO:System:
2025-03-31 18:36:06,711:INFO:    python: 3.10.16 | packaged by Anaconda, Inc. | (main, Dec 11 2024, 16:19:12) [MSC v.1929 64 bit (AMD64)]
2025-03-31 18:36:06,711:INFO:executable: c:\Users\Thayse\.conda\envs\mlpipeline\python.exe
2025-03-31 18:36:06,711:INFO:   machine: Windows-10-10.0.26100-SP0
2025-03-31 18:36:06,711:INFO:PyCaret required dependencies:
2025-03-31 18:36:06,776:INFO:                 pip: 25.0
2025-03-31 18:36:06,776:INFO:          setuptools: 75.8.0
2025-03-31 18:36:06,776:INFO:             pycaret: 3.3.2
2025-03-31 18:36:06,776:INFO:             IPython: 8.34.0
2025-03-31 18:36:06,776:INFO:          ipywidgets: 8.1.5
2025-03-31 18:36:06,776:INFO:                tqdm: 4.67.1
2025-03-31 18:36:06,776:INFO:               numpy: 1.26.4
2025-03-31 18:36:06,776:INFO:              pandas: 2.1.4
2025-03-31 18:36:06,776:INFO:              jinja2: 3.1.6
2025-03-31 18:36:06,776:INFO:               scipy: 1.11.4
2025-03-31 18:36:06,776:INFO:              joblib: 1.3.2
2025-03-31 18:36:06,776:INFO:             sklearn: 1.4.2
2025-03-31 18:36:06,776:INFO:                pyod: 2.0.4
2025-03-31 18:36:06,776:INFO:            imblearn: 0.13.0
2025-03-31 18:36:06,776:INFO:   category_encoders: 2.7.0
2025-03-31 18:36:06,776:INFO:            lightgbm: 4.6.0
2025-03-31 18:36:06,776:INFO:               numba: 0.61.0
2025-03-31 18:36:06,776:INFO:            requests: 2.32.3
2025-03-31 18:36:06,777:INFO:          matplotlib: 3.7.5
2025-03-31 18:36:06,777:INFO:          scikitplot: 0.3.7
2025-03-31 18:36:06,777:INFO:         yellowbrick: 1.5
2025-03-31 18:36:06,777:INFO:              plotly: 5.24.1
2025-03-31 18:36:06,777:INFO:    plotly-resampler: Not installed
2025-03-31 18:36:06,777:INFO:             kaleido: 0.2.1
2025-03-31 18:36:06,777:INFO:           schemdraw: 0.15
2025-03-31 18:36:06,777:INFO:         statsmodels: 0.14.4
2025-03-31 18:36:06,777:INFO:              sktime: 0.26.0
2025-03-31 18:36:06,777:INFO:               tbats: 1.1.3
2025-03-31 18:36:06,777:INFO:            pmdarima: 2.0.4
2025-03-31 18:36:06,777:INFO:              psutil: 7.0.0
2025-03-31 18:36:06,777:INFO:          markupsafe: 3.0.2
2025-03-31 18:36:06,777:INFO:             pickle5: Not installed
2025-03-31 18:36:06,777:INFO:         cloudpickle: 3.1.1
2025-03-31 18:36:06,777:INFO:         deprecation: 2.1.0
2025-03-31 18:36:06,777:INFO:              xxhash: 3.5.0
2025-03-31 18:36:06,777:INFO:           wurlitzer: Not installed
2025-03-31 18:36:06,777:INFO:PyCaret optional dependencies:
2025-03-31 18:36:07,273:INFO:                shap: Not installed
2025-03-31 18:36:07,273:INFO:           interpret: Not installed
2025-03-31 18:36:07,273:INFO:                umap: Not installed
2025-03-31 18:36:07,273:INFO:     ydata_profiling: 4.16.1
2025-03-31 18:36:07,273:INFO:  explainerdashboard: Not installed
2025-03-31 18:36:07,273:INFO:             autoviz: Not installed
2025-03-31 18:36:07,273:INFO:           fairlearn: Not installed
2025-03-31 18:36:07,273:INFO:          deepchecks: Not installed
2025-03-31 18:36:07,273:INFO:             xgboost: Not installed
2025-03-31 18:36:07,273:INFO:            catboost: Not installed
2025-03-31 18:36:07,273:INFO:              kmodes: Not installed
2025-03-31 18:36:07,273:INFO:             mlxtend: Not installed
2025-03-31 18:36:07,273:INFO:       statsforecast: Not installed
2025-03-31 18:36:07,273:INFO:        tune_sklearn: Not installed
2025-03-31 18:36:07,273:INFO:                 ray: Not installed
2025-03-31 18:36:07,273:INFO:            hyperopt: Not installed
2025-03-31 18:36:07,273:INFO:              optuna: Not installed
2025-03-31 18:36:07,273:INFO:               skopt: Not installed
2025-03-31 18:36:07,273:INFO:              mlflow: Not installed
2025-03-31 18:36:07,273:INFO:              gradio: Not installed
2025-03-31 18:36:07,273:INFO:             fastapi: 0.115.12
2025-03-31 18:36:07,273:INFO:             uvicorn: 0.34.0
2025-03-31 18:36:07,273:INFO:              m2cgen: Not installed
2025-03-31 18:36:07,273:INFO:           evidently: Not installed
2025-03-31 18:36:07,273:INFO:               fugue: Not installed
2025-03-31 18:36:07,273:INFO:           streamlit: Not installed
2025-03-31 18:36:07,273:INFO:             prophet: Not installed
2025-03-31 18:36:07,273:INFO:None
2025-03-31 18:36:07,273:INFO:Set up data.
2025-03-31 18:36:07,277:INFO:Set up folding strategy.
2025-03-31 18:36:07,277:INFO:Set up train/test split.
2025-03-31 18:36:07,279:INFO:Set up index.
2025-03-31 18:36:07,279:INFO:Assigning column types.
2025-03-31 18:36:07,283:INFO:Engine successfully changes for model 'lr' to 'sklearn'.
2025-03-31 18:36:07,318:INFO:Engine for model 'knn' has not been set explicitly, hence returning None.
2025-03-31 18:36:07,322:INFO:Engine for model 'rbfsvm' has not been set explicitly, hence returning None.
2025-03-31 18:36:07,342:WARNING:
'xgboost' is a soft dependency and not included in the pycaret installation. Please run: `pip install xgboost` to install.
Alternately, you can install this by running `pip install pycaret[models]`
2025-03-31 18:36:07,342:WARNING:
'catboost' is a soft dependency and not included in the pycaret installation. Please run: `pip install catboost` to install.
Alternately, you can install this by running `pip install pycaret[models]`
2025-03-31 18:36:07,385:INFO:Engine for model 'knn' has not been set explicitly, hence returning None.
2025-03-31 18:36:07,385:INFO:Engine for model 'rbfsvm' has not been set explicitly, hence returning None.
2025-03-31 18:36:07,401:WARNING:
'xgboost' is a soft dependency and not included in the pycaret installation. Please run: `pip install xgboost` to install.
Alternately, you can install this by running `pip install pycaret[models]`
2025-03-31 18:36:07,401:WARNING:
'catboost' is a soft dependency and not included in the pycaret installation. Please run: `pip install catboost` to install.
Alternately, you can install this by running `pip install pycaret[models]`
2025-03-31 18:36:07,401:INFO:Engine successfully changes for model 'knn' to 'sklearn'.
2025-03-31 18:36:07,449:INFO:Engine for model 'rbfsvm' has not been set explicitly, hence returning None.
2025-03-31 18:36:07,465:WARNING:
'xgboost' is a soft dependency and not included in the pycaret installation. Please run: `pip install xgboost` to install.
Alternately, you can install this by running `pip install pycaret[models]`
2025-03-31 18:36:07,465:WARNING:
'catboost' is a soft dependency and not included in the pycaret installation. Please run: `pip install catboost` to install.
Alternately, you can install this by running `pip install pycaret[models]`
2025-03-31 18:36:07,512:INFO:Engine for model 'rbfsvm' has not been set explicitly, hence returning None.
2025-03-31 18:36:07,544:WARNING:
'xgboost' is a soft dependency and not included in the pycaret installation. Please run: `pip install xgboost` to install.
Alternately, you can install this by running `pip install pycaret[models]`
2025-03-31 18:36:07,544:WARNING:
'catboost' is a soft dependency and not included in the pycaret installation. Please run: `pip install catboost` to install.
Alternately, you can install this by running `pip install pycaret[models]`
2025-03-31 18:36:07,544:INFO:Engine successfully changes for model 'rbfsvm' to 'sklearn'.
2025-03-31 18:36:07,607:WARNING:
'xgboost' is a soft dependency and not included in the pycaret installation. Please run: `pip install xgboost` to install.
Alternately, you can install this by running `pip install pycaret[models]`
2025-03-31 18:36:07,607:WARNING:
'catboost' is a soft dependency and not included in the pycaret installation. Please run: `pip install catboost` to install.
Alternately, you can install this by running `pip install pycaret[models]`
2025-03-31 18:36:07,659:WARNING:
'xgboost' is a soft dependency and not included in the pycaret installation. Please run: `pip install xgboost` to install.
Alternately, you can install this by running `pip install pycaret[models]`
2025-03-31 18:36:07,659:WARNING:
'catboost' is a soft dependency and not included in the pycaret installation. Please run: `pip install catboost` to install.
Alternately, you can install this by running `pip install pycaret[models]`
2025-03-31 18:36:07,675:INFO:Preparing preprocessing pipeline...
2025-03-31 18:36:07,675:INFO:Set up simple imputation.
2025-03-31 18:36:07,675:INFO:Set up column name cleaning.
2025-03-31 18:36:07,691:INFO:Finished creating preprocessing pipeline.
2025-03-31 18:36:07,691:INFO:Pipeline: Pipeline(memory=FastMemory(location=C:\Users\Thayse\AppData\Local\Temp\joblib),
         steps=[('numerical_imputer',
                 TransformerWrapper(exclude=None,
                                    include=['Med_1_mL', 'Med_2_mL'],
                                    transformer=SimpleImputer(add_indicator=False,
                                                              copy=True,
                                                              fill_value=None,
                                                              keep_empty_features=False,
                                                              missing_values=nan,
                                                              strategy='mean'))),
                ('categorical_imputer',
                 TransformerWrapper(exclude=None, include=[],
                                    transformer=SimpleImputer(add_indicator=False,
                                                              copy=True,
                                                              fill_value=None,
                                                              keep_empty_features=False,
                                                              missing_values=nan,
                                                              strategy='most_frequent'))),
                ('clean_column_names',
                 TransformerWrapper(exclude=None, include=None,
                                    transformer=CleanColumnNames(match='[\\]\\[\\,\\{\\}\\"\\:]+')))],
         verbose=False)
2025-03-31 18:36:07,691:INFO:Creating final display dataframe.
2025-03-31 18:36:07,754:INFO:Setup _display_container:                     Description             Value
0                    Session id               123
1                        Target     Virus Present
2                   Target type            Binary
3           Original data shape          (400, 3)
4        Transformed data shape          (400, 3)
5   Transformed train set shape          (280, 3)
6    Transformed test set shape          (120, 3)
7              Numeric features                 2
8                    Preprocess              True
9               Imputation type            simple
10           Numeric imputation              mean
11       Categorical imputation              mode
12               Fold Generator   StratifiedKFold
13                  Fold Number                10
14                     CPU Jobs                -1
15                      Use GPU             False
16               Log Experiment             False
17              Experiment Name  clf-default-name
18                          USI              fa6d
2025-03-31 18:36:07,833:WARNING:
'xgboost' is a soft dependency and not included in the pycaret installation. Please run: `pip install xgboost` to install.
Alternately, you can install this by running `pip install pycaret[models]`
2025-03-31 18:36:07,833:WARNING:
'catboost' is a soft dependency and not included in the pycaret installation. Please run: `pip install catboost` to install.
Alternately, you can install this by running `pip install pycaret[models]`
2025-03-31 18:36:07,893:WARNING:
'xgboost' is a soft dependency and not included in the pycaret installation. Please run: `pip install xgboost` to install.
Alternately, you can install this by running `pip install pycaret[models]`
2025-03-31 18:36:07,893:WARNING:
'catboost' is a soft dependency and not included in the pycaret installation. Please run: `pip install catboost` to install.
Alternately, you can install this by running `pip install pycaret[models]`
2025-03-31 18:36:07,893:INFO:setup() successfully completed in 1.21s...............
2025-03-31 18:36:07,893:INFO:Initializing compare_models()
2025-03-31 18:36:07,893:INFO:compare_models(self=<pycaret.classification.oop.ClassificationExperiment object at 0x000001F9AA964BE0>, include=None, fold=None, round=4, cross_validation=True, sort=Accuracy, n_select=1, budget_time=None, turbo=True, errors=ignore, fit_kwargs=None, groups=None, experiment_custom_tags=None, probability_threshold=None, verbose=True, parallel=None, caller_params={'self': <pycaret.classification.oop.ClassificationExperiment object at 0x000001F9AA964BE0>, 'include': None, 'exclude': None, 'fold': None, 'round': 4, 'cross_validation': True, 'sort': 'Accuracy', 'n_select': 1, 'budget_time': None, 'turbo': True, 'errors': 'ignore', 'fit_kwargs': None, 'groups': None, 'experiment_custom_tags': None, 'probability_threshold': None, 'engine': None, 'verbose': True, 'parallel': None, '__class__': <class 'pycaret.classification.oop.ClassificationExperiment'>}, exclude=None)
2025-03-31 18:36:07,893:INFO:Checking exceptions
2025-03-31 18:36:07,893:INFO:Preparing display monitor
2025-03-31 18:36:07,893:INFO:Initializing Logistic Regression
2025-03-31 18:36:07,893:INFO:Total runtime is 0.0 minutes
2025-03-31 18:36:07,893:INFO:SubProcess create_model() called ==================================
2025-03-31 18:36:07,893:INFO:Initializing create_model()
2025-03-31 18:36:07,893:INFO:create_model(self=<pycaret.classification.oop.ClassificationExperiment object at 0x000001F9AA964BE0>, estimator=lr, fold=StratifiedKFold(n_splits=10, random_state=None, shuffle=False), round=4, cross_validation=True, predict=True, fit_kwargs={}, groups=None, refit=False, probability_threshold=None, experiment_custom_tags=None, verbose=False, system=False, add_to_model_list=True, metrics=None, display=<pycaret.internal.display.display.CommonDisplay object at 0x000001F9AC1F3D60>, model_only=True, return_train_score=False, error_score=0.0, kwargs={})
2025-03-31 18:36:07,893:INFO:Checking exceptions
2025-03-31 18:36:07,893:INFO:Importing libraries
2025-03-31 18:36:07,893:INFO:Copying training dataset
2025-03-31 18:36:07,893:INFO:Defining folds
2025-03-31 18:36:07,893:INFO:Declaring metric variables
2025-03-31 18:36:07,893:INFO:Importing untrained model
2025-03-31 18:36:07,893:INFO:Logistic Regression Imported successfully
2025-03-31 18:36:07,893:INFO:Starting cross validation
2025-03-31 18:36:07,909:INFO:Cross validating with StratifiedKFold(n_splits=10, random_state=None, shuffle=False), n_jobs=-1
2025-03-31 18:36:14,045:INFO:Calculating mean and std
2025-03-31 18:36:14,047:INFO:Creating metrics dataframe
2025-03-31 18:36:14,053:INFO:Uploading results into container
2025-03-31 18:36:14,055:INFO:Uploading model into container now
2025-03-31 18:36:14,057:INFO:_master_model_container: 1
2025-03-31 18:36:14,057:INFO:_display_container: 2
2025-03-31 18:36:14,057:INFO:LogisticRegression(C=1.0, class_weight=None, dual=False, fit_intercept=True,
                   intercept_scaling=1, l1_ratio=None, max_iter=1000,
                   multi_class='auto', n_jobs=None, penalty='l2',
                   random_state=123, solver='lbfgs', tol=0.0001, verbose=0,
                   warm_start=False)
2025-03-31 18:36:14,057:INFO:create_model() successfully completed......................................
2025-03-31 18:36:14,228:INFO:SubProcess create_model() end ==================================
2025-03-31 18:36:14,228:INFO:Creating metrics dataframe
2025-03-31 18:36:14,228:INFO:Initializing K Neighbors Classifier
2025-03-31 18:36:14,228:INFO:Total runtime is 0.10558737913767496 minutes
2025-03-31 18:36:14,228:INFO:SubProcess create_model() called ==================================
2025-03-31 18:36:14,228:INFO:Initializing create_model()
2025-03-31 18:36:14,228:INFO:create_model(self=<pycaret.classification.oop.ClassificationExperiment object at 0x000001F9AA964BE0>, estimator=knn, fold=StratifiedKFold(n_splits=10, random_state=None, shuffle=False), round=4, cross_validation=True, predict=True, fit_kwargs={}, groups=None, refit=False, probability_threshold=None, experiment_custom_tags=None, verbose=False, system=False, add_to_model_list=True, metrics=None, display=<pycaret.internal.display.display.CommonDisplay object at 0x000001F9AC1F3D60>, model_only=True, return_train_score=False, error_score=0.0, kwargs={})
2025-03-31 18:36:14,228:INFO:Checking exceptions
2025-03-31 18:36:14,228:INFO:Importing libraries
2025-03-31 18:36:14,228:INFO:Copying training dataset
2025-03-31 18:36:14,228:INFO:Defining folds
2025-03-31 18:36:14,228:INFO:Declaring metric variables
2025-03-31 18:36:14,228:INFO:Importing untrained model
2025-03-31 18:36:14,228:INFO:K Neighbors Classifier Imported successfully
2025-03-31 18:36:14,228:INFO:Starting cross validation
2025-03-31 18:36:14,228:INFO:Cross validating with StratifiedKFold(n_splits=10, random_state=None, shuffle=False), n_jobs=-1
2025-03-31 18:36:16,901:INFO:Calculating mean and std
2025-03-31 18:36:16,901:INFO:Creating metrics dataframe
2025-03-31 18:36:16,901:INFO:Uploading results into container
2025-03-31 18:36:16,901:INFO:Uploading model into container now
2025-03-31 18:36:16,901:INFO:_master_model_container: 2
2025-03-31 18:36:16,901:INFO:_display_container: 2
2025-03-31 18:36:16,901:INFO:KNeighborsClassifier(algorithm='auto', leaf_size=30, metric='minkowski',
                     metric_params=None, n_jobs=-1, n_neighbors=5, p=2,
                     weights='uniform')
2025-03-31 18:36:16,901:INFO:create_model() successfully completed......................................
2025-03-31 18:36:17,019:INFO:SubProcess create_model() end ==================================
2025-03-31 18:36:17,019:INFO:Creating metrics dataframe
2025-03-31 18:36:17,019:INFO:Initializing Naive Bayes
2025-03-31 18:36:17,019:INFO:Total runtime is 0.15209821462631226 minutes
2025-03-31 18:36:17,019:INFO:SubProcess create_model() called ==================================
2025-03-31 18:36:17,019:INFO:Initializing create_model()
2025-03-31 18:36:17,019:INFO:create_model(self=<pycaret.classification.oop.ClassificationExperiment object at 0x000001F9AA964BE0>, estimator=nb, fold=StratifiedKFold(n_splits=10, random_state=None, shuffle=False), round=4, cross_validation=True, predict=True, fit_kwargs={}, groups=None, refit=False, probability_threshold=None, experiment_custom_tags=None, verbose=False, system=False, add_to_model_list=True, metrics=None, display=<pycaret.internal.display.display.CommonDisplay object at 0x000001F9AC1F3D60>, model_only=True, return_train_score=False, error_score=0.0, kwargs={})
2025-03-31 18:36:17,019:INFO:Checking exceptions
2025-03-31 18:36:17,019:INFO:Importing libraries
2025-03-31 18:36:17,019:INFO:Copying training dataset
2025-03-31 18:36:17,019:INFO:Defining folds
2025-03-31 18:36:17,019:INFO:Declaring metric variables
2025-03-31 18:36:17,019:INFO:Importing untrained model
2025-03-31 18:36:17,019:INFO:Naive Bayes Imported successfully
2025-03-31 18:36:17,019:INFO:Starting cross validation
2025-03-31 18:36:17,019:INFO:Cross validating with StratifiedKFold(n_splits=10, random_state=None, shuffle=False), n_jobs=-1
2025-03-31 18:36:17,120:INFO:Calculating mean and std
2025-03-31 18:36:17,120:INFO:Creating metrics dataframe
2025-03-31 18:36:17,120:INFO:Uploading results into container
2025-03-31 18:36:17,120:INFO:Uploading model into container now
2025-03-31 18:36:17,120:INFO:_master_model_container: 3
2025-03-31 18:36:17,120:INFO:_display_container: 2
2025-03-31 18:36:17,120:INFO:GaussianNB(priors=None, var_smoothing=1e-09)
2025-03-31 18:36:17,120:INFO:create_model() successfully completed......................................
2025-03-31 18:36:17,198:INFO:SubProcess create_model() end ==================================
2025-03-31 18:36:17,198:INFO:Creating metrics dataframe
2025-03-31 18:36:17,213:INFO:Initializing Decision Tree Classifier
2025-03-31 18:36:17,213:INFO:Total runtime is 0.1553276817003886 minutes
2025-03-31 18:36:17,213:INFO:SubProcess create_model() called ==================================
2025-03-31 18:36:17,213:INFO:Initializing create_model()
2025-03-31 18:36:17,213:INFO:create_model(self=<pycaret.classification.oop.ClassificationExperiment object at 0x000001F9AA964BE0>, estimator=dt, fold=StratifiedKFold(n_splits=10, random_state=None, shuffle=False), round=4, cross_validation=True, predict=True, fit_kwargs={}, groups=None, refit=False, probability_threshold=None, experiment_custom_tags=None, verbose=False, system=False, add_to_model_list=True, metrics=None, display=<pycaret.internal.display.display.CommonDisplay object at 0x000001F9AC1F3D60>, model_only=True, return_train_score=False, error_score=0.0, kwargs={})
2025-03-31 18:36:17,213:INFO:Checking exceptions
2025-03-31 18:36:17,213:INFO:Importing libraries
2025-03-31 18:36:17,213:INFO:Copying training dataset
2025-03-31 18:36:17,213:INFO:Defining folds
2025-03-31 18:36:17,213:INFO:Declaring metric variables
2025-03-31 18:36:17,213:INFO:Importing untrained model
2025-03-31 18:36:17,213:INFO:Decision Tree Classifier Imported successfully
2025-03-31 18:36:17,213:INFO:Starting cross validation
2025-03-31 18:36:17,213:INFO:Cross validating with StratifiedKFold(n_splits=10, random_state=None, shuffle=False), n_jobs=-1
2025-03-31 18:36:17,307:INFO:Calculating mean and std
2025-03-31 18:36:17,307:INFO:Creating metrics dataframe
2025-03-31 18:36:17,307:INFO:Uploading results into container
2025-03-31 18:36:17,307:INFO:Uploading model into container now
2025-03-31 18:36:17,307:INFO:_master_model_container: 4
2025-03-31 18:36:17,307:INFO:_display_container: 2
2025-03-31 18:36:17,307:INFO:DecisionTreeClassifier(ccp_alpha=0.0, class_weight=None, criterion='gini',
                       max_depth=None, max_features=None, max_leaf_nodes=None,
                       min_impurity_decrease=0.0, min_samples_leaf=1,
                       min_samples_split=2, min_weight_fraction_leaf=0.0,
                       monotonic_cst=None, random_state=123, splitter='best')
2025-03-31 18:36:17,307:INFO:create_model() successfully completed......................................
2025-03-31 18:36:17,393:INFO:SubProcess create_model() end ==================================
2025-03-31 18:36:17,393:INFO:Creating metrics dataframe
2025-03-31 18:36:17,393:INFO:Initializing SVM - Linear Kernel
2025-03-31 18:36:17,393:INFO:Total runtime is 0.158333690961202 minutes
2025-03-31 18:36:17,393:INFO:SubProcess create_model() called ==================================
2025-03-31 18:36:17,393:INFO:Initializing create_model()
2025-03-31 18:36:17,393:INFO:create_model(self=<pycaret.classification.oop.ClassificationExperiment object at 0x000001F9AA964BE0>, estimator=svm, fold=StratifiedKFold(n_splits=10, random_state=None, shuffle=False), round=4, cross_validation=True, predict=True, fit_kwargs={}, groups=None, refit=False, probability_threshold=None, experiment_custom_tags=None, verbose=False, system=False, add_to_model_list=True, metrics=None, display=<pycaret.internal.display.display.CommonDisplay object at 0x000001F9AC1F3D60>, model_only=True, return_train_score=False, error_score=0.0, kwargs={})
2025-03-31 18:36:17,393:INFO:Checking exceptions
2025-03-31 18:36:17,393:INFO:Importing libraries
2025-03-31 18:36:17,393:INFO:Copying training dataset
2025-03-31 18:36:17,393:INFO:Defining folds
2025-03-31 18:36:17,393:INFO:Declaring metric variables
2025-03-31 18:36:17,393:INFO:Importing untrained model
2025-03-31 18:36:17,393:INFO:SVM - Linear Kernel Imported successfully
2025-03-31 18:36:17,393:INFO:Starting cross validation
2025-03-31 18:36:17,393:INFO:Cross validating with StratifiedKFold(n_splits=10, random_state=None, shuffle=False), n_jobs=-1
2025-03-31 18:36:17,488:INFO:Calculating mean and std
2025-03-31 18:36:17,488:INFO:Creating metrics dataframe
2025-03-31 18:36:17,488:INFO:Uploading results into container
2025-03-31 18:36:17,488:INFO:Uploading model into container now
2025-03-31 18:36:17,488:INFO:_master_model_container: 5
2025-03-31 18:36:17,488:INFO:_display_container: 2
2025-03-31 18:36:17,488:INFO:SGDClassifier(alpha=0.0001, average=False, class_weight=None,
              early_stopping=False, epsilon=0.1, eta0=0.001, fit_intercept=True,
              l1_ratio=0.15, learning_rate='optimal', loss='hinge',
              max_iter=1000, n_iter_no_change=5, n_jobs=-1, penalty='l2',
              power_t=0.5, random_state=123, shuffle=True, tol=0.001,
              validation_fraction=0.1, verbose=0, warm_start=False)
2025-03-31 18:36:17,488:INFO:create_model() successfully completed......................................
2025-03-31 18:36:17,573:INFO:SubProcess create_model() end ==================================
2025-03-31 18:36:17,573:INFO:Creating metrics dataframe
2025-03-31 18:36:17,573:INFO:Initializing Ridge Classifier
2025-03-31 18:36:17,573:INFO:Total runtime is 0.16133409738540652 minutes
2025-03-31 18:36:17,573:INFO:SubProcess create_model() called ==================================
2025-03-31 18:36:17,573:INFO:Initializing create_model()
2025-03-31 18:36:17,573:INFO:create_model(self=<pycaret.classification.oop.ClassificationExperiment object at 0x000001F9AA964BE0>, estimator=ridge, fold=StratifiedKFold(n_splits=10, random_state=None, shuffle=False), round=4, cross_validation=True, predict=True, fit_kwargs={}, groups=None, refit=False, probability_threshold=None, experiment_custom_tags=None, verbose=False, system=False, add_to_model_list=True, metrics=None, display=<pycaret.internal.display.display.CommonDisplay object at 0x000001F9AC1F3D60>, model_only=True, return_train_score=False, error_score=0.0, kwargs={})
2025-03-31 18:36:17,573:INFO:Checking exceptions
2025-03-31 18:36:17,573:INFO:Importing libraries
2025-03-31 18:36:17,573:INFO:Copying training dataset
2025-03-31 18:36:17,573:INFO:Defining folds
2025-03-31 18:36:17,573:INFO:Declaring metric variables
2025-03-31 18:36:17,573:INFO:Importing untrained model
2025-03-31 18:36:17,573:INFO:Ridge Classifier Imported successfully
2025-03-31 18:36:17,573:INFO:Starting cross validation
2025-03-31 18:36:17,573:INFO:Cross validating with StratifiedKFold(n_splits=10, random_state=None, shuffle=False), n_jobs=-1
2025-03-31 18:36:17,684:INFO:Calculating mean and std
2025-03-31 18:36:17,684:INFO:Creating metrics dataframe
2025-03-31 18:36:17,684:INFO:Uploading results into container
2025-03-31 18:36:17,684:INFO:Uploading model into container now
2025-03-31 18:36:17,684:INFO:_master_model_container: 6
2025-03-31 18:36:17,684:INFO:_display_container: 2
2025-03-31 18:36:17,684:INFO:RidgeClassifier(alpha=1.0, class_weight=None, copy_X=True, fit_intercept=True,
                max_iter=None, positive=False, random_state=123, solver='auto',
                tol=0.0001)
2025-03-31 18:36:17,684:INFO:create_model() successfully completed......................................
2025-03-31 18:36:17,778:INFO:SubProcess create_model() end ==================================
2025-03-31 18:36:17,778:INFO:Creating metrics dataframe
2025-03-31 18:36:17,778:INFO:Initializing Random Forest Classifier
2025-03-31 18:36:17,778:INFO:Total runtime is 0.16475261052449547 minutes
2025-03-31 18:36:17,778:INFO:SubProcess create_model() called ==================================
2025-03-31 18:36:17,778:INFO:Initializing create_model()
2025-03-31 18:36:17,778:INFO:create_model(self=<pycaret.classification.oop.ClassificationExperiment object at 0x000001F9AA964BE0>, estimator=rf, fold=StratifiedKFold(n_splits=10, random_state=None, shuffle=False), round=4, cross_validation=True, predict=True, fit_kwargs={}, groups=None, refit=False, probability_threshold=None, experiment_custom_tags=None, verbose=False, system=False, add_to_model_list=True, metrics=None, display=<pycaret.internal.display.display.CommonDisplay object at 0x000001F9AC1F3D60>, model_only=True, return_train_score=False, error_score=0.0, kwargs={})
2025-03-31 18:36:17,778:INFO:Checking exceptions
2025-03-31 18:36:17,778:INFO:Importing libraries
2025-03-31 18:36:17,778:INFO:Copying training dataset
2025-03-31 18:36:17,778:INFO:Defining folds
2025-03-31 18:36:17,778:INFO:Declaring metric variables
2025-03-31 18:36:17,778:INFO:Importing untrained model
2025-03-31 18:36:17,778:INFO:Random Forest Classifier Imported successfully
2025-03-31 18:36:17,778:INFO:Starting cross validation
2025-03-31 18:36:17,778:INFO:Cross validating with StratifiedKFold(n_splits=10, random_state=None, shuffle=False), n_jobs=-1
2025-03-31 18:36:18,312:INFO:Calculating mean and std
2025-03-31 18:36:18,312:INFO:Creating metrics dataframe
2025-03-31 18:36:18,312:INFO:Uploading results into container
2025-03-31 18:36:18,312:INFO:Uploading model into container now
2025-03-31 18:36:18,312:INFO:_master_model_container: 7
2025-03-31 18:36:18,312:INFO:_display_container: 2
2025-03-31 18:36:18,312:INFO:RandomForestClassifier(bootstrap=True, ccp_alpha=0.0, class_weight=None,
                       criterion='gini', max_depth=None, max_features='sqrt',
                       max_leaf_nodes=None, max_samples=None,
                       min_impurity_decrease=0.0, min_samples_leaf=1,
                       min_samples_split=2, min_weight_fraction_leaf=0.0,
                       monotonic_cst=None, n_estimators=100, n_jobs=-1,
                       oob_score=False, random_state=123, verbose=0,
                       warm_start=False)
2025-03-31 18:36:18,312:INFO:create_model() successfully completed......................................
2025-03-31 18:36:18,431:INFO:SubProcess create_model() end ==================================
2025-03-31 18:36:18,431:INFO:Creating metrics dataframe
2025-03-31 18:36:18,431:INFO:Initializing Quadratic Discriminant Analysis
2025-03-31 18:36:18,431:INFO:Total runtime is 0.17562312682469688 minutes
2025-03-31 18:36:18,431:INFO:SubProcess create_model() called ==================================
2025-03-31 18:36:18,431:INFO:Initializing create_model()
2025-03-31 18:36:18,431:INFO:create_model(self=<pycaret.classification.oop.ClassificationExperiment object at 0x000001F9AA964BE0>, estimator=qda, fold=StratifiedKFold(n_splits=10, random_state=None, shuffle=False), round=4, cross_validation=True, predict=True, fit_kwargs={}, groups=None, refit=False, probability_threshold=None, experiment_custom_tags=None, verbose=False, system=False, add_to_model_list=True, metrics=None, display=<pycaret.internal.display.display.CommonDisplay object at 0x000001F9AC1F3D60>, model_only=True, return_train_score=False, error_score=0.0, kwargs={})
2025-03-31 18:36:18,431:INFO:Checking exceptions
2025-03-31 18:36:18,431:INFO:Importing libraries
2025-03-31 18:36:18,431:INFO:Copying training dataset
2025-03-31 18:36:18,446:INFO:Defining folds
2025-03-31 18:36:18,446:INFO:Declaring metric variables
2025-03-31 18:36:18,446:INFO:Importing untrained model
2025-03-31 18:36:18,446:INFO:Quadratic Discriminant Analysis Imported successfully
2025-03-31 18:36:18,446:INFO:Starting cross validation
2025-03-31 18:36:18,446:INFO:Cross validating with StratifiedKFold(n_splits=10, random_state=None, shuffle=False), n_jobs=-1
2025-03-31 18:36:18,532:INFO:Calculating mean and std
2025-03-31 18:36:18,532:INFO:Creating metrics dataframe
2025-03-31 18:36:18,532:INFO:Uploading results into container
2025-03-31 18:36:18,532:INFO:Uploading model into container now
2025-03-31 18:36:18,532:INFO:_master_model_container: 8
2025-03-31 18:36:18,532:INFO:_display_container: 2
2025-03-31 18:36:18,532:INFO:QuadraticDiscriminantAnalysis(priors=None, reg_param=0.0,
                              store_covariance=False, tol=0.0001)
2025-03-31 18:36:18,532:INFO:create_model() successfully completed......................................
2025-03-31 18:36:18,612:INFO:SubProcess create_model() end ==================================
2025-03-31 18:36:18,612:INFO:Creating metrics dataframe
2025-03-31 18:36:18,612:INFO:Initializing Ada Boost Classifier
2025-03-31 18:36:18,612:INFO:Total runtime is 0.17864118814468385 minutes
2025-03-31 18:36:18,612:INFO:SubProcess create_model() called ==================================
2025-03-31 18:36:18,612:INFO:Initializing create_model()
2025-03-31 18:36:18,612:INFO:create_model(self=<pycaret.classification.oop.ClassificationExperiment object at 0x000001F9AA964BE0>, estimator=ada, fold=StratifiedKFold(n_splits=10, random_state=None, shuffle=False), round=4, cross_validation=True, predict=True, fit_kwargs={}, groups=None, refit=False, probability_threshold=None, experiment_custom_tags=None, verbose=False, system=False, add_to_model_list=True, metrics=None, display=<pycaret.internal.display.display.CommonDisplay object at 0x000001F9AC1F3D60>, model_only=True, return_train_score=False, error_score=0.0, kwargs={})
2025-03-31 18:36:18,612:INFO:Checking exceptions
2025-03-31 18:36:18,612:INFO:Importing libraries
2025-03-31 18:36:18,612:INFO:Copying training dataset
2025-03-31 18:36:18,628:INFO:Defining folds
2025-03-31 18:36:18,628:INFO:Declaring metric variables
2025-03-31 18:36:18,628:INFO:Importing untrained model
2025-03-31 18:36:18,628:INFO:Ada Boost Classifier Imported successfully
2025-03-31 18:36:18,628:INFO:Starting cross validation
2025-03-31 18:36:18,633:INFO:Cross validating with StratifiedKFold(n_splits=10, random_state=None, shuffle=False), n_jobs=-1
2025-03-31 18:36:18,665:WARNING:c:\Users\Thayse\.conda\envs\mlpipeline\lib\site-packages\sklearn\ensemble\_weight_boosting.py:519: FutureWarning: The SAMME.R algorithm (the default) is deprecated and will be removed in 1.6. Use the SAMME algorithm to circumvent this warning.
  warnings.warn(

2025-03-31 18:36:18,665:WARNING:c:\Users\Thayse\.conda\envs\mlpipeline\lib\site-packages\sklearn\ensemble\_weight_boosting.py:519: FutureWarning: The SAMME.R algorithm (the default) is deprecated and will be removed in 1.6. Use the SAMME algorithm to circumvent this warning.
  warnings.warn(

2025-03-31 18:36:18,665:WARNING:c:\Users\Thayse\.conda\envs\mlpipeline\lib\site-packages\sklearn\ensemble\_weight_boosting.py:519: FutureWarning: The SAMME.R algorithm (the default) is deprecated and will be removed in 1.6. Use the SAMME algorithm to circumvent this warning.
  warnings.warn(

2025-03-31 18:36:18,665:WARNING:c:\Users\Thayse\.conda\envs\mlpipeline\lib\site-packages\sklearn\ensemble\_weight_boosting.py:519: FutureWarning: The SAMME.R algorithm (the default) is deprecated and will be removed in 1.6. Use the SAMME algorithm to circumvent this warning.
  warnings.warn(

2025-03-31 18:36:18,665:WARNING:c:\Users\Thayse\.conda\envs\mlpipeline\lib\site-packages\sklearn\ensemble\_weight_boosting.py:519: FutureWarning: The SAMME.R algorithm (the default) is deprecated and will be removed in 1.6. Use the SAMME algorithm to circumvent this warning.
  warnings.warn(

2025-03-31 18:36:18,665:WARNING:c:\Users\Thayse\.conda\envs\mlpipeline\lib\site-packages\sklearn\ensemble\_weight_boosting.py:519: FutureWarning: The SAMME.R algorithm (the default) is deprecated and will be removed in 1.6. Use the SAMME algorithm to circumvent this warning.
  warnings.warn(

2025-03-31 18:36:18,665:WARNING:c:\Users\Thayse\.conda\envs\mlpipeline\lib\site-packages\sklearn\ensemble\_weight_boosting.py:519: FutureWarning: The SAMME.R algorithm (the default) is deprecated and will be removed in 1.6. Use the SAMME algorithm to circumvent this warning.
  warnings.warn(

2025-03-31 18:36:18,728:INFO:Calculating mean and std
2025-03-31 18:36:18,728:INFO:Creating metrics dataframe
2025-03-31 18:36:18,728:INFO:Uploading results into container
2025-03-31 18:36:18,732:INFO:Uploading model into container now
2025-03-31 18:36:18,732:INFO:_master_model_container: 9
2025-03-31 18:36:18,732:INFO:_display_container: 2
2025-03-31 18:36:18,732:INFO:AdaBoostClassifier(algorithm='SAMME.R', estimator=None, learning_rate=1.0,
                   n_estimators=50, random_state=123)
2025-03-31 18:36:18,732:INFO:create_model() successfully completed......................................
2025-03-31 18:36:18,814:INFO:SubProcess create_model() end ==================================
2025-03-31 18:36:18,814:INFO:Creating metrics dataframe
2025-03-31 18:36:18,814:INFO:Initializing Gradient Boosting Classifier
2025-03-31 18:36:18,814:INFO:Total runtime is 0.1820077697436015 minutes
2025-03-31 18:36:18,814:INFO:SubProcess create_model() called ==================================
2025-03-31 18:36:18,814:INFO:Initializing create_model()
2025-03-31 18:36:18,814:INFO:create_model(self=<pycaret.classification.oop.ClassificationExperiment object at 0x000001F9AA964BE0>, estimator=gbc, fold=StratifiedKFold(n_splits=10, random_state=None, shuffle=False), round=4, cross_validation=True, predict=True, fit_kwargs={}, groups=None, refit=False, probability_threshold=None, experiment_custom_tags=None, verbose=False, system=False, add_to_model_list=True, metrics=None, display=<pycaret.internal.display.display.CommonDisplay object at 0x000001F9AC1F3D60>, model_only=True, return_train_score=False, error_score=0.0, kwargs={})
2025-03-31 18:36:18,814:INFO:Checking exceptions
2025-03-31 18:36:18,814:INFO:Importing libraries
2025-03-31 18:36:18,814:INFO:Copying training dataset
2025-03-31 18:36:18,830:INFO:Defining folds
2025-03-31 18:36:18,830:INFO:Declaring metric variables
2025-03-31 18:36:18,830:INFO:Importing untrained model
2025-03-31 18:36:18,830:INFO:Gradient Boosting Classifier Imported successfully
2025-03-31 18:36:18,830:INFO:Starting cross validation
2025-03-31 18:36:18,830:INFO:Cross validating with StratifiedKFold(n_splits=10, random_state=None, shuffle=False), n_jobs=-1
2025-03-31 18:36:19,041:INFO:Calculating mean and std
2025-03-31 18:36:19,041:INFO:Creating metrics dataframe
2025-03-31 18:36:19,041:INFO:Uploading results into container
2025-03-31 18:36:19,041:INFO:Uploading model into container now
2025-03-31 18:36:19,041:INFO:_master_model_container: 10
2025-03-31 18:36:19,041:INFO:_display_container: 2
2025-03-31 18:36:19,041:INFO:GradientBoostingClassifier(ccp_alpha=0.0, criterion='friedman_mse', init=None,
                           learning_rate=0.1, loss='log_loss', max_depth=3,
                           max_features=None, max_leaf_nodes=None,
                           min_impurity_decrease=0.0, min_samples_leaf=1,
                           min_samples_split=2, min_weight_fraction_leaf=0.0,
                           n_estimators=100, n_iter_no_change=None,
                           random_state=123, subsample=1.0, tol=0.0001,
                           validation_fraction=0.1, verbose=0,
                           warm_start=False)
2025-03-31 18:36:19,041:INFO:create_model() successfully completed......................................
2025-03-31 18:36:19,143:INFO:SubProcess create_model() end ==================================
2025-03-31 18:36:19,143:INFO:Creating metrics dataframe
2025-03-31 18:36:19,143:INFO:Initializing Linear Discriminant Analysis
2025-03-31 18:36:19,143:INFO:Total runtime is 0.18749768733978273 minutes
2025-03-31 18:36:19,143:INFO:SubProcess create_model() called ==================================
2025-03-31 18:36:19,143:INFO:Initializing create_model()
2025-03-31 18:36:19,143:INFO:create_model(self=<pycaret.classification.oop.ClassificationExperiment object at 0x000001F9AA964BE0>, estimator=lda, fold=StratifiedKFold(n_splits=10, random_state=None, shuffle=False), round=4, cross_validation=True, predict=True, fit_kwargs={}, groups=None, refit=False, probability_threshold=None, experiment_custom_tags=None, verbose=False, system=False, add_to_model_list=True, metrics=None, display=<pycaret.internal.display.display.CommonDisplay object at 0x000001F9AC1F3D60>, model_only=True, return_train_score=False, error_score=0.0, kwargs={})
2025-03-31 18:36:19,143:INFO:Checking exceptions
2025-03-31 18:36:19,143:INFO:Importing libraries
2025-03-31 18:36:19,143:INFO:Copying training dataset
2025-03-31 18:36:19,143:INFO:Defining folds
2025-03-31 18:36:19,143:INFO:Declaring metric variables
2025-03-31 18:36:19,159:INFO:Importing untrained model
2025-03-31 18:36:19,159:INFO:Linear Discriminant Analysis Imported successfully
2025-03-31 18:36:19,159:INFO:Starting cross validation
2025-03-31 18:36:19,159:INFO:Cross validating with StratifiedKFold(n_splits=10, random_state=None, shuffle=False), n_jobs=-1
2025-03-31 18:36:19,244:INFO:Calculating mean and std
2025-03-31 18:36:19,244:INFO:Creating metrics dataframe
2025-03-31 18:36:19,244:INFO:Uploading results into container
2025-03-31 18:36:19,244:INFO:Uploading model into container now
2025-03-31 18:36:19,244:INFO:_master_model_container: 11
2025-03-31 18:36:19,244:INFO:_display_container: 2
2025-03-31 18:36:19,244:INFO:LinearDiscriminantAnalysis(covariance_estimator=None, n_components=None,
                           priors=None, shrinkage=None, solver='svd',
                           store_covariance=False, tol=0.0001)
2025-03-31 18:36:19,244:INFO:create_model() successfully completed......................................
2025-03-31 18:36:19,347:INFO:SubProcess create_model() end ==================================
2025-03-31 18:36:19,347:INFO:Creating metrics dataframe
2025-03-31 18:36:19,347:INFO:Initializing Extra Trees Classifier
2025-03-31 18:36:19,347:INFO:Total runtime is 0.19089388449986777 minutes
2025-03-31 18:36:19,347:INFO:SubProcess create_model() called ==================================
2025-03-31 18:36:19,347:INFO:Initializing create_model()
2025-03-31 18:36:19,347:INFO:create_model(self=<pycaret.classification.oop.ClassificationExperiment object at 0x000001F9AA964BE0>, estimator=et, fold=StratifiedKFold(n_splits=10, random_state=None, shuffle=False), round=4, cross_validation=True, predict=True, fit_kwargs={}, groups=None, refit=False, probability_threshold=None, experiment_custom_tags=None, verbose=False, system=False, add_to_model_list=True, metrics=None, display=<pycaret.internal.display.display.CommonDisplay object at 0x000001F9AC1F3D60>, model_only=True, return_train_score=False, error_score=0.0, kwargs={})
2025-03-31 18:36:19,347:INFO:Checking exceptions
2025-03-31 18:36:19,347:INFO:Importing libraries
2025-03-31 18:36:19,347:INFO:Copying training dataset
2025-03-31 18:36:19,347:INFO:Defining folds
2025-03-31 18:36:19,347:INFO:Declaring metric variables
2025-03-31 18:36:19,347:INFO:Importing untrained model
2025-03-31 18:36:19,347:INFO:Extra Trees Classifier Imported successfully
2025-03-31 18:36:19,347:INFO:Starting cross validation
2025-03-31 18:36:19,347:INFO:Cross validating with StratifiedKFold(n_splits=10, random_state=None, shuffle=False), n_jobs=-1
2025-03-31 18:36:19,811:INFO:Calculating mean and std
2025-03-31 18:36:19,811:INFO:Creating metrics dataframe
2025-03-31 18:36:19,814:INFO:Uploading results into container
2025-03-31 18:36:19,814:INFO:Uploading model into container now
2025-03-31 18:36:19,814:INFO:_master_model_container: 12
2025-03-31 18:36:19,814:INFO:_display_container: 2
2025-03-31 18:36:19,814:INFO:ExtraTreesClassifier(bootstrap=False, ccp_alpha=0.0, class_weight=None,
                     criterion='gini', max_depth=None, max_features='sqrt',
                     max_leaf_nodes=None, max_samples=None,
                     min_impurity_decrease=0.0, min_samples_leaf=1,
                     min_samples_split=2, min_weight_fraction_leaf=0.0,
                     monotonic_cst=None, n_estimators=100, n_jobs=-1,
                     oob_score=False, random_state=123, verbose=0,
                     warm_start=False)
2025-03-31 18:36:19,814:INFO:create_model() successfully completed......................................
2025-03-31 18:36:19,908:INFO:SubProcess create_model() end ==================================
2025-03-31 18:36:19,908:INFO:Creating metrics dataframe
2025-03-31 18:36:19,911:INFO:Initializing Light Gradient Boosting Machine
2025-03-31 18:36:19,911:INFO:Total runtime is 0.20029927492141725 minutes
2025-03-31 18:36:19,911:INFO:SubProcess create_model() called ==================================
2025-03-31 18:36:19,911:INFO:Initializing create_model()
2025-03-31 18:36:19,911:INFO:create_model(self=<pycaret.classification.oop.ClassificationExperiment object at 0x000001F9AA964BE0>, estimator=lightgbm, fold=StratifiedKFold(n_splits=10, random_state=None, shuffle=False), round=4, cross_validation=True, predict=True, fit_kwargs={}, groups=None, refit=False, probability_threshold=None, experiment_custom_tags=None, verbose=False, system=False, add_to_model_list=True, metrics=None, display=<pycaret.internal.display.display.CommonDisplay object at 0x000001F9AC1F3D60>, model_only=True, return_train_score=False, error_score=0.0, kwargs={})
2025-03-31 18:36:19,911:INFO:Checking exceptions
2025-03-31 18:36:19,911:INFO:Importing libraries
2025-03-31 18:36:19,911:INFO:Copying training dataset
2025-03-31 18:36:19,913:INFO:Defining folds
2025-03-31 18:36:19,913:INFO:Declaring metric variables
2025-03-31 18:36:19,913:INFO:Importing untrained model
2025-03-31 18:36:19,913:INFO:Light Gradient Boosting Machine Imported successfully
2025-03-31 18:36:19,913:INFO:Starting cross validation
2025-03-31 18:36:19,913:INFO:Cross validating with StratifiedKFold(n_splits=10, random_state=None, shuffle=False), n_jobs=-1
2025-03-31 18:36:20,916:INFO:Calculating mean and std
2025-03-31 18:36:20,918:INFO:Creating metrics dataframe
2025-03-31 18:36:20,922:INFO:Uploading results into container
2025-03-31 18:36:20,922:INFO:Uploading model into container now
2025-03-31 18:36:20,924:INFO:_master_model_container: 13
2025-03-31 18:36:20,924:INFO:_display_container: 2
2025-03-31 18:36:20,926:INFO:LGBMClassifier(boosting_type='gbdt', class_weight=None, colsample_bytree=1.0,
               importance_type='split', learning_rate=0.1, max_depth=-1,
               min_child_samples=20, min_child_weight=0.001, min_split_gain=0.0,
               n_estimators=100, n_jobs=-1, num_leaves=31, objective=None,
               random_state=123, reg_alpha=0.0, reg_lambda=0.0, subsample=1.0,
               subsample_for_bin=200000, subsample_freq=0)
2025-03-31 18:36:20,926:INFO:create_model() successfully completed......................................
2025-03-31 18:36:21,033:INFO:SubProcess create_model() end ==================================
2025-03-31 18:36:21,033:INFO:Creating metrics dataframe
2025-03-31 18:36:21,033:INFO:Initializing Dummy Classifier
2025-03-31 18:36:21,033:INFO:Total runtime is 0.21898893515268963 minutes
2025-03-31 18:36:21,033:INFO:SubProcess create_model() called ==================================
2025-03-31 18:36:21,033:INFO:Initializing create_model()
2025-03-31 18:36:21,033:INFO:create_model(self=<pycaret.classification.oop.ClassificationExperiment object at 0x000001F9AA964BE0>, estimator=dummy, fold=StratifiedKFold(n_splits=10, random_state=None, shuffle=False), round=4, cross_validation=True, predict=True, fit_kwargs={}, groups=None, refit=False, probability_threshold=None, experiment_custom_tags=None, verbose=False, system=False, add_to_model_list=True, metrics=None, display=<pycaret.internal.display.display.CommonDisplay object at 0x000001F9AC1F3D60>, model_only=True, return_train_score=False, error_score=0.0, kwargs={})
2025-03-31 18:36:21,033:INFO:Checking exceptions
2025-03-31 18:36:21,033:INFO:Importing libraries
2025-03-31 18:36:21,033:INFO:Copying training dataset
2025-03-31 18:36:21,033:INFO:Defining folds
2025-03-31 18:36:21,033:INFO:Declaring metric variables
2025-03-31 18:36:21,033:INFO:Importing untrained model
2025-03-31 18:36:21,033:INFO:Dummy Classifier Imported successfully
2025-03-31 18:36:21,033:INFO:Starting cross validation
2025-03-31 18:36:21,033:INFO:Cross validating with StratifiedKFold(n_splits=10, random_state=None, shuffle=False), n_jobs=-1
2025-03-31 18:36:21,106:WARNING:c:\Users\Thayse\.conda\envs\mlpipeline\lib\site-packages\sklearn\metrics\_classification.py:1509: UndefinedMetricWarning: Precision is ill-defined and being set to 0.0 due to no predicted samples. Use `zero_division` parameter to control this behavior.
  _warn_prf(average, modifier, f"{metric.capitalize()} is", len(result))

2025-03-31 18:36:21,106:WARNING:c:\Users\Thayse\.conda\envs\mlpipeline\lib\site-packages\sklearn\metrics\_classification.py:1509: UndefinedMetricWarning: Precision is ill-defined and being set to 0.0 due to no predicted samples. Use `zero_division` parameter to control this behavior.
  _warn_prf(average, modifier, f"{metric.capitalize()} is", len(result))

2025-03-31 18:36:21,106:WARNING:c:\Users\Thayse\.conda\envs\mlpipeline\lib\site-packages\sklearn\metrics\_classification.py:1509: UndefinedMetricWarning: Precision is ill-defined and being set to 0.0 due to no predicted samples. Use `zero_division` parameter to control this behavior.
  _warn_prf(average, modifier, f"{metric.capitalize()} is", len(result))

2025-03-31 18:36:21,106:WARNING:c:\Users\Thayse\.conda\envs\mlpipeline\lib\site-packages\sklearn\metrics\_classification.py:1509: UndefinedMetricWarning: Precision is ill-defined and being set to 0.0 due to no predicted samples. Use `zero_division` parameter to control this behavior.
  _warn_prf(average, modifier, f"{metric.capitalize()} is", len(result))

2025-03-31 18:36:21,106:WARNING:c:\Users\Thayse\.conda\envs\mlpipeline\lib\site-packages\sklearn\metrics\_classification.py:1509: UndefinedMetricWarning: Precision is ill-defined and being set to 0.0 due to no predicted samples. Use `zero_division` parameter to control this behavior.
  _warn_prf(average, modifier, f"{metric.capitalize()} is", len(result))

2025-03-31 18:36:21,106:WARNING:c:\Users\Thayse\.conda\envs\mlpipeline\lib\site-packages\sklearn\metrics\_classification.py:1509: UndefinedMetricWarning: Precision is ill-defined and being set to 0.0 due to no predicted samples. Use `zero_division` parameter to control this behavior.
  _warn_prf(average, modifier, f"{metric.capitalize()} is", len(result))

2025-03-31 18:36:21,106:WARNING:c:\Users\Thayse\.conda\envs\mlpipeline\lib\site-packages\sklearn\metrics\_classification.py:1509: UndefinedMetricWarning: Precision is ill-defined and being set to 0.0 due to no predicted samples. Use `zero_division` parameter to control this behavior.
  _warn_prf(average, modifier, f"{metric.capitalize()} is", len(result))

2025-03-31 18:36:21,130:INFO:Calculating mean and std
2025-03-31 18:36:21,130:INFO:Creating metrics dataframe
2025-03-31 18:36:21,132:INFO:Uploading results into container
2025-03-31 18:36:21,132:INFO:Uploading model into container now
2025-03-31 18:36:21,132:INFO:_master_model_container: 14
2025-03-31 18:36:21,132:INFO:_display_container: 2
2025-03-31 18:36:21,132:INFO:DummyClassifier(constant=None, random_state=123, strategy='prior')
2025-03-31 18:36:21,132:INFO:create_model() successfully completed......................................
2025-03-31 18:36:21,223:INFO:SubProcess create_model() end ==================================
2025-03-31 18:36:21,223:INFO:Creating metrics dataframe
2025-03-31 18:36:21,224:WARNING:c:\Users\Thayse\.conda\envs\mlpipeline\lib\site-packages\pycaret\internal\pycaret_experiment\supervised_experiment.py:323: FutureWarning:

Styler.applymap has been deprecated. Use Styler.map instead.


2025-03-31 18:36:21,224:INFO:Initializing create_model()
2025-03-31 18:36:21,224:INFO:create_model(self=<pycaret.classification.oop.ClassificationExperiment object at 0x000001F9AA964BE0>, estimator=LogisticRegression(C=1.0, class_weight=None, dual=False, fit_intercept=True,
                   intercept_scaling=1, l1_ratio=None, max_iter=1000,
                   multi_class='auto', n_jobs=None, penalty='l2',
                   random_state=123, solver='lbfgs', tol=0.0001, verbose=0,
                   warm_start=False), fold=StratifiedKFold(n_splits=10, random_state=None, shuffle=False), round=4, cross_validation=False, predict=False, fit_kwargs={}, groups=None, refit=True, probability_threshold=None, experiment_custom_tags=None, verbose=False, system=False, add_to_model_list=True, metrics=None, display=None, model_only=True, return_train_score=False, error_score=0.0, kwargs={})
2025-03-31 18:36:21,224:INFO:Checking exceptions
2025-03-31 18:36:21,224:INFO:Importing libraries
2025-03-31 18:36:21,224:INFO:Copying training dataset
2025-03-31 18:36:21,224:INFO:Defining folds
2025-03-31 18:36:21,224:INFO:Declaring metric variables
2025-03-31 18:36:21,224:INFO:Importing untrained model
2025-03-31 18:36:21,224:INFO:Declaring custom model
2025-03-31 18:36:21,224:INFO:Logistic Regression Imported successfully
2025-03-31 18:36:21,224:INFO:Cross validation set to False
2025-03-31 18:36:21,224:INFO:Fitting Model
2025-03-31 18:36:21,243:INFO:LogisticRegression(C=1.0, class_weight=None, dual=False, fit_intercept=True,
                   intercept_scaling=1, l1_ratio=None, max_iter=1000,
                   multi_class='auto', n_jobs=None, penalty='l2',
                   random_state=123, solver='lbfgs', tol=0.0001, verbose=0,
                   warm_start=False)
2025-03-31 18:36:21,243:INFO:create_model() successfully completed......................................
2025-03-31 18:36:21,343:INFO:_master_model_container: 14
2025-03-31 18:36:21,343:INFO:_display_container: 2
2025-03-31 18:36:21,344:INFO:LogisticRegression(C=1.0, class_weight=None, dual=False, fit_intercept=True,
                   intercept_scaling=1, l1_ratio=None, max_iter=1000,
                   multi_class='auto', n_jobs=None, penalty='l2',
                   random_state=123, solver='lbfgs', tol=0.0001, verbose=0,
                   warm_start=False)
2025-03-31 18:36:21,344:INFO:compare_models() successfully completed......................................
2025-04-07 00:03:05,977:WARNING:
'cuml' is a soft dependency and not included in the pycaret installation. Please run: `pip install cuml` to install.
2025-04-07 00:03:05,977:WARNING:
'cuml' is a soft dependency and not included in the pycaret installation. Please run: `pip install cuml` to install.
2025-04-07 00:03:05,977:WARNING:
'cuml' is a soft dependency and not included in the pycaret installation. Please run: `pip install cuml` to install.
2025-04-07 00:03:05,977:WARNING:
'cuml' is a soft dependency and not included in the pycaret installation. Please run: `pip install cuml` to install.
2025-04-20 18:32:02,973:WARNING:
'cuml' is a soft dependency and not included in the pycaret installation. Please run: `pip install cuml` to install.
2025-04-20 18:32:02,979:WARNING:
'cuml' is a soft dependency and not included in the pycaret installation. Please run: `pip install cuml` to install.
2025-04-20 18:32:02,979:WARNING:
'cuml' is a soft dependency and not included in the pycaret installation. Please run: `pip install cuml` to install.
2025-04-20 18:32:02,979:WARNING:
'cuml' is a soft dependency and not included in the pycaret installation. Please run: `pip install cuml` to install.
2025-04-20 18:35:45,880:WARNING:
'cuml' is a soft dependency and not included in the pycaret installation. Please run: `pip install cuml` to install.
2025-04-20 18:35:45,880:WARNING:
'cuml' is a soft dependency and not included in the pycaret installation. Please run: `pip install cuml` to install.
2025-04-20 18:35:45,880:WARNING:
'cuml' is a soft dependency and not included in the pycaret installation. Please run: `pip install cuml` to install.
2025-04-20 18:35:45,880:WARNING:
'cuml' is a soft dependency and not included in the pycaret installation. Please run: `pip install cuml` to install.
2025-04-20 18:42:29,719:WARNING:
'cuml' is a soft dependency and not included in the pycaret installation. Please run: `pip install cuml` to install.
2025-04-20 18:42:29,719:WARNING:
'cuml' is a soft dependency and not included in the pycaret installation. Please run: `pip install cuml` to install.
2025-04-20 18:42:29,719:WARNING:
'cuml' is a soft dependency and not included in the pycaret installation. Please run: `pip install cuml` to install.
2025-04-20 18:42:29,719:WARNING:
'cuml' is a soft dependency and not included in the pycaret installation. Please run: `pip install cuml` to install.
2025-04-20 18:47:36,645:WARNING:
'cuml' is a soft dependency and not included in the pycaret installation. Please run: `pip install cuml` to install.
2025-04-20 18:47:36,645:WARNING:
'cuml' is a soft dependency and not included in the pycaret installation. Please run: `pip install cuml` to install.
2025-04-20 18:47:36,645:WARNING:
'cuml' is a soft dependency and not included in the pycaret installation. Please run: `pip install cuml` to install.
2025-04-20 18:47:36,645:WARNING:
'cuml' is a soft dependency and not included in the pycaret installation. Please run: `pip install cuml` to install.
2025-04-20 19:01:20,593:WARNING:
'cuml' is a soft dependency and not included in the pycaret installation. Please run: `pip install cuml` to install.
2025-04-20 19:01:20,593:WARNING:
'cuml' is a soft dependency and not included in the pycaret installation. Please run: `pip install cuml` to install.
2025-04-20 19:01:20,593:WARNING:
'cuml' is a soft dependency and not included in the pycaret installation. Please run: `pip install cuml` to install.
2025-04-20 19:01:20,593:WARNING:
'cuml' is a soft dependency and not included in the pycaret installation. Please run: `pip install cuml` to install.
2025-04-20 19:02:19,922:WARNING:
'cuml' is a soft dependency and not included in the pycaret installation. Please run: `pip install cuml` to install.
2025-04-20 19:02:19,922:WARNING:
'cuml' is a soft dependency and not included in the pycaret installation. Please run: `pip install cuml` to install.
2025-04-20 19:02:19,922:WARNING:
'cuml' is a soft dependency and not included in the pycaret installation. Please run: `pip install cuml` to install.
2025-04-20 19:02:19,922:WARNING:
'cuml' is a soft dependency and not included in the pycaret installation. Please run: `pip install cuml` to install.
2025-04-20 23:47:07,399:WARNING:
'cuml' is a soft dependency and not included in the pycaret installation. Please run: `pip install cuml` to install.
2025-04-20 23:47:07,418:WARNING:
'cuml' is a soft dependency and not included in the pycaret installation. Please run: `pip install cuml` to install.
2025-04-20 23:47:07,418:WARNING:
'cuml' is a soft dependency and not included in the pycaret installation. Please run: `pip install cuml` to install.
2025-04-20 23:47:07,418:WARNING:
'cuml' is a soft dependency and not included in the pycaret installation. Please run: `pip install cuml` to install.
2025-04-20 23:49:54,000:WARNING:
'cuml' is a soft dependency and not included in the pycaret installation. Please run: `pip install cuml` to install.
2025-04-20 23:49:54,002:WARNING:
'cuml' is a soft dependency and not included in the pycaret installation. Please run: `pip install cuml` to install.
2025-04-20 23:49:54,002:WARNING:
'cuml' is a soft dependency and not included in the pycaret installation. Please run: `pip install cuml` to install.
2025-04-20 23:49:54,002:WARNING:
'cuml' is a soft dependency and not included in the pycaret installation. Please run: `pip install cuml` to install.
2025-06-15 16:53:28,801:WARNING:
'cuml' is a soft dependency and not included in the pycaret installation. Please run: `pip install cuml` to install.
2025-06-15 16:53:28,801:WARNING:
'cuml' is a soft dependency and not included in the pycaret installation. Please run: `pip install cuml` to install.
2025-06-15 16:53:28,801:WARNING:
'cuml' is a soft dependency and not included in the pycaret installation. Please run: `pip install cuml` to install.
2025-06-15 16:53:28,801:WARNING:
'cuml' is a soft dependency and not included in the pycaret installation. Please run: `pip install cuml` to install.
2025-06-15 16:59:15,128:WARNING:
'cuml' is a soft dependency and not included in the pycaret installation. Please run: `pip install cuml` to install.
2025-06-15 16:59:15,128:WARNING:
'cuml' is a soft dependency and not included in the pycaret installation. Please run: `pip install cuml` to install.
2025-06-15 16:59:15,128:WARNING:
'cuml' is a soft dependency and not included in the pycaret installation. Please run: `pip install cuml` to install.
2025-06-15 16:59:15,128:WARNING:
'cuml' is a soft dependency and not included in the pycaret installation. Please run: `pip install cuml` to install.
2025-06-15 17:01:21,924:WARNING:
'cuml' is a soft dependency and not included in the pycaret installation. Please run: `pip install cuml` to install.
2025-06-15 17:01:21,924:WARNING:
'cuml' is a soft dependency and not included in the pycaret installation. Please run: `pip install cuml` to install.
2025-06-15 17:01:21,924:WARNING:
'cuml' is a soft dependency and not included in the pycaret installation. Please run: `pip install cuml` to install.
2025-06-15 17:01:21,924:WARNING:
'cuml' is a soft dependency and not included in the pycaret installation. Please run: `pip install cuml` to install.
